<?xml version="1.0" encoding="UTF-8"?>
<!-- Generated by org.testng.reporters.JUnitXMLReporter -->
<testsuite ignored="0" hostname="DESKTOP-LODPAUD" failures="0" tests="2" name="Default test" time="9.062" errors="0" timestamp="10 Feb 2022 10:16:48 GMT">
  <testcase classname="com.in28minutes.webdriver.scenarios.TakesScreenShotTest" name="TakeScreenShot1" time="2.346"/>
  <testcase classname="com.in28minutes.webdriver.scenarios.TakesScreenShotTest" name="TakeScreenShot2" time="3.014"/>
</testsuite> <!-- Default test -->
