<?xml version="1.0" encoding="UTF-8"?>
<testng-results ignored="0" total="2" passed="2" failed="0" skipped="0">
  <reporter-output>
  </reporter-output>
  <suite started-at="2022-02-10T10:16:39Z" name="Default suite" finished-at="2022-02-10T10:16:48Z" duration-ms="9062">
    <groups>
    </groups>
    <test started-at="2022-02-10T10:16:39Z" name="Default test" finished-at="2022-02-10T10:16:48Z" duration-ms="9062">
      <class name="com.in28minutes.webdriver.scenarios.TakesScreenShotTest">
        <test-method is-config="true" signature="Before()[pri:0, instance:com.in28minutes.webdriver.scenarios.TakesScreenShotTest@571c5681]" started-at="2022-02-10T10:16:39Z" name="Before" finished-at="2022-02-10T10:16:41Z" duration-ms="1635" status="PASS">
          <reporter-output>
          </reporter-output>
        </test-method> <!-- Before -->
        <test-method signature="TakeScreenShot1()[pri:0, instance:com.in28minutes.webdriver.scenarios.TakesScreenShotTest@571c5681]" started-at="2022-02-10T10:16:41Z" name="TakeScreenShot1" finished-at="2022-02-10T10:16:43Z" duration-ms="2346" status="PASS">
          <reporter-output>
          </reporter-output>
        </test-method> <!-- TakeScreenShot1 -->
        <test-method is-config="true" signature="After()[pri:0, instance:com.in28minutes.webdriver.scenarios.TakesScreenShotTest@571c5681]" started-at="2022-02-10T10:16:43Z" name="After" finished-at="2022-02-10T10:16:44Z" duration-ms="303" status="PASS">
          <reporter-output>
          </reporter-output>
        </test-method> <!-- After -->
        <test-method is-config="true" signature="Before()[pri:0, instance:com.in28minutes.webdriver.scenarios.TakesScreenShotTest@571c5681]" started-at="2022-02-10T10:16:44Z" name="Before" finished-at="2022-02-10T10:16:45Z" duration-ms="1294" status="PASS">
          <reporter-output>
          </reporter-output>
        </test-method> <!-- Before -->
        <test-method signature="TakeScreenShot2()[pri:0, instance:com.in28minutes.webdriver.scenarios.TakesScreenShotTest@571c5681]" started-at="2022-02-10T10:16:45Z" name="TakeScreenShot2" finished-at="2022-02-10T10:16:48Z" duration-ms="3014" status="PASS">
          <reporter-output>
          </reporter-output>
        </test-method> <!-- TakeScreenShot2 -->
        <test-method is-config="true" signature="After()[pri:0, instance:com.in28minutes.webdriver.scenarios.TakesScreenShotTest@571c5681]" started-at="2022-02-10T10:16:48Z" name="After" finished-at="2022-02-10T10:16:48Z" duration-ms="433" status="PASS">
          <reporter-output>
          </reporter-output>
        </test-method> <!-- After -->
      </class> <!-- com.in28minutes.webdriver.scenarios.TakesScreenShotTest -->
    </test> <!-- Default test -->
  </suite> <!-- Default suite -->
</testng-results>
